2025-03-21 14:56:18,341 - httpx - INFO - HTTP Request: GET https://api.gradio.app/pkg-version "HTTP/1.1 200 OK"
2025-03-21 15:00:31,735 - httpx - INFO - HTTP Request: GET https://api.gradio.app/pkg-version "HTTP/1.1 200 OK"
2025-03-21 15:01:48,255 - httpx - INFO - HTTP Request: GET https://api.gradio.app/pkg-version "HTTP/1.1 200 OK"
2025-03-21 15:03:35,662 - httpx - INFO - HTTP Request: GET https://api.gradio.app/pkg-version "HTTP/1.1 200 OK"
2025-03-21 15:04:06,955 - __main__ - INFO - Starting Job Role Resources Assistant application
2025-03-21 15:04:08,429 - httpx - INFO - HTTP Request: GET https://api.gradio.app/pkg-version "HTTP/1.1 200 OK"
2025-03-21 15:04:09,754 - httpx - INFO - HTTP Request: GET http://localhost:7860/gradio_api/startup-events "HTTP/1.1 200 OK"
2025-03-21 15:04:11,857 - httpx - INFO - HTTP Request: HEAD http://localhost:7860/ "HTTP/1.1 200 OK"
2025-03-21 15:05:08,611 - __main__ - INFO - Starting Job Role Resources Assistant application
2025-03-21 15:05:10,302 - httpx - INFO - HTTP Request: GET https://api.gradio.app/pkg-version "HTTP/1.1 200 OK"
2025-03-21 15:05:16,724 - httpx - INFO - HTTP Request: GET http://localhost:7861/gradio_api/startup-events "HTTP/1.1 200 OK"
2025-03-21 15:05:18,810 - httpx - INFO - HTTP Request: HEAD http://localhost:7861/ "HTTP/1.1 200 OK"
2025-03-21 15:06:30,983 - __main__ - INFO - Starting Job Role Resources Assistant application
2025-03-21 15:06:32,610 - httpx - INFO - HTTP Request: GET https://api.gradio.app/pkg-version "HTTP/1.1 200 OK"
2025-03-21 15:06:36,192 - __main__ - CRITICAL - Failed to start application: Cannot find empty port in range: 7861-7861. You can specify a different port by setting the GRADIO_SERVER_PORT environment variable or passing the `server_port` parameter to `launch()`.
2025-03-21 15:07:43,738 - httpx - INFO - HTTP Request: GET http://127.0.0.1:7860/gradio_api/startup-events "HTTP/1.1 200 OK"
2025-03-21 15:07:43,771 - httpx - INFO - HTTP Request: HEAD http://127.0.0.1:7860/ "HTTP/1.1 200 OK"
2025-03-21 15:07:44,345 - httpx - INFO - HTTP Request: GET https://api.gradio.app/pkg-version "HTTP/1.1 200 OK"
2025-03-21 15:07:45,419 - httpx - INFO - HTTP Request: GET https://api.gradio.app/v3/tunnel-request "HTTP/1.1 200 OK"
2025-03-21 15:08:15,441 - __main__ - ERROR - Error processing files: 'NamedString' object has no attribute 'seek'
